\BOOKMARK [0][]{chapter.1}{1 Einleitung}{}% 1
\BOOKMARK [1][-]{section.1.1}{1.1 Aufgabenstellung}{chapter.1}% 2
\BOOKMARK [1][-]{section.1.2}{1.2 Projektplanung}{chapter.1}% 3
\BOOKMARK [1][-]{section.1.3}{1.3 Verwendetet Software}{chapter.1}% 4
\BOOKMARK [0][]{chapter.2}{2 Grundlagen}{}% 5
\BOOKMARK [1][-]{section.2.1}{2.1 Bedeutung des Roboter}{chapter.2}% 6
\BOOKMARK [1][-]{section.2.2}{2.2 Antriebsart des Roboters}{chapter.2}% 7
\BOOKMARK [1][-]{section.2.3}{2.3 Assistenzsysteme heutiger Fahrzeuge}{chapter.2}% 8
\BOOKMARK [2][-]{subsection.2.3.1}{2.3.1 ABS - Antiblockiersystem}{section.2.3}% 9
\BOOKMARK [2][-]{subsection.2.3.2}{2.3.2 PDC - Park Distanz Kontrolle}{section.2.3}% 10
\BOOKMARK [2][-]{subsection.2.3.3}{2.3.3 ESC-Electronic Stability Control}{section.2.3}% 11
\BOOKMARK [2][-]{subsection.2.3.4}{2.3.4 Automatisches einparken}{section.2.3}% 12
\BOOKMARK [2][-]{subsection.2.3.5}{2.3.5 Anwendung aktueller Assistenzsysteme}{section.2.3}% 13
\BOOKMARK [1][-]{section.2.4}{2.4 Spurgef\374hrte Fahrzeuge}{chapter.2}% 14
\BOOKMARK [0][]{chapter.3}{3 Erste Experimente mit dem EV3}{}% 15
\BOOKMARK [1][-]{section.3.1}{3.1 Aufbau des Roboters}{chapter.3}% 16
\BOOKMARK [1][-]{section.3.2}{3.2 Aufbau und Test des Ultraschallsensors}{chapter.3}% 17
\BOOKMARK [1][-]{section.3.3}{3.3 Test des mitgelieferten Farbsensors}{chapter.3}% 18
\BOOKMARK [0][]{chapter.4}{4 Anhang}{}% 19
\BOOKMARK [1][-]{section.4.1}{4.1 Installation von Lejos in Eclipse}{chapter.4}% 20
\BOOKMARK [1][-]{section.4.2}{4.2 Testprogramm des Ultraschallsensors}{chapter.4}% 21
\BOOKMARK [1][-]{section.4.3}{4.3 Testprogramm des Lego-Farbsensor}{chapter.4}% 22
\BOOKMARK [1][-]{section.4.4}{4.4 Installation Vision subsystem V4}{chapter.4}% 23
\BOOKMARK [0][]{chapter*.7}{ Abbildungsverzeichnis}{}% 24
\BOOKMARK [0][]{chapter*.8}{ Tabellenverzeichnis}{}% 25
\BOOKMARK [0][]{chapter*.9}{ Listings}{}% 26
